<?xml version="1.0" encoding="UTF-8"?>
<!-- Generated by org.testng.reporters.JUnitXMLReporter -->
<testsuite hostname="SIT-PC" name="Default test" tests="3" failures="0" timestamp="23 Dec 2017 06:39:47 GMT" time="116.899" errors="0">
  <testcase name="validateCreateNewContact" time="10.283" classname="com.crm.qa.testcases.ContactsPageTest"/>
  <testcase name="validateCreateNewContact" time="9.367" classname="com.crm.qa.testcases.ContactsPageTest"/>
  <testcase name="validateCreateNewContact" time="7.877" classname="com.crm.qa.testcases.ContactsPageTest"/>
</testsuite> <!-- Default test -->
