<?xml version="1.0" encoding="UTF-8"?>
<!-- Generated by org.testng.reporters.JUnitXMLReporter -->
<testsuite hostname="SIT-PC" name="Default test" tests="3" failures="0" timestamp="10 Dec 2017 13:55:21 GMT" time="70.748" errors="0">
  <testcase name="verifyNameTest" time="0.695" classname="com.crm.qa.testcases.HomePageTest"/>
  <testcase name="clickOnContactsLinkTest" time="2.888" classname="com.crm.qa.testcases.HomePageTest"/>
  <testcase name="clickOnDealsPageLink" time="2.658" classname="com.crm.qa.testcases.HomePageTest"/>
</testsuite> <!-- Default test -->
