<?xml version="1.0" encoding="UTF-8"?>
<!-- Generated by org.testng.reporters.JUnitXMLReporter -->
<testsuite hostname="SIT-PC" name="Test" tests="6" failures="0" timestamp="10 Dec 2017 14:11:52 GMT" time="112.578" errors="0">
  <testcase name="verifyNameTest" time="0.249" classname="com.crm.qa.testcases.HomePageTest"/>
  <testcase name="clickOnContactsLinkTest" time="3.019" classname="com.crm.qa.testcases.HomePageTest"/>
  <testcase name="clickOnDealsPageLink" time="2.723" classname="com.crm.qa.testcases.HomePageTest"/>
  <testcase name="LoginTest" time="8.889" classname="com.crm.qa.testcases.LoginPageTest"/>
  <testcase name="verifyLoginPageTitleTest" time="0.097" classname="com.crm.qa.testcases.LoginPageTest"/>
  <testcase name="verifyLogoTest" time="0.09" classname="com.crm.qa.testcases.LoginPageTest"/>
</testsuite> <!-- Test -->
