<?xml version="1.0" encoding="UTF-8"?>
<!-- Generated by org.testng.reporters.JUnitXMLReporter -->
<testsuite hostname="SIT-PC" name="Test" tests="6" failures="0" timestamp="17 Dec 2017 14:03:45 GMT" time="122.281" errors="0">
  <testcase name="verifyNameTest" time="0.504" classname="com.crm.qa.testcases.HomePageTest"/>
  <testcase name="clickOnContactsLinkTest" time="1.661" classname="com.crm.qa.testcases.HomePageTest"/>
  <testcase name="clickOnDealsPageLink" time="1.764" classname="com.crm.qa.testcases.HomePageTest"/>
  <testcase name="LoginTest" time="10.945" classname="com.crm.qa.testcases.LoginPageTest"/>
  <testcase name="verifyLoginPageTitleTest" time="0.022" classname="com.crm.qa.testcases.LoginPageTest"/>
  <testcase name="verifyLogoTest" time="0.308" classname="com.crm.qa.testcases.LoginPageTest"/>
</testsuite> <!-- Test -->
