<?xml version="1.0" encoding="UTF-8"?>
<testng-results skipped="0" failed="0" total="6" passed="6">
  <reporter-output>
  </reporter-output>
  <suite name="Suite" duration-ms="112578" started-at="2017-12-10T14:09:59Z" finished-at="2017-12-10T14:11:52Z">
    <groups>
    </groups>
    <test name="Test" duration-ms="112578" started-at="2017-12-10T14:09:59Z" finished-at="2017-12-10T14:11:52Z">
      <class name="com.crm.qa.testcases.LoginPageTest">
        <test-method status="PASS" signature="setUp()[pri:0, instance:com.crm.qa.testcases.LoginPageTest@8567b79]" name="setUp" is-config="true" duration-ms="10493" started-at="2017-12-10T19:41:08Z" finished-at="2017-12-10T19:41:19Z">
          <reporter-output>
          </reporter-output>
        </test-method> <!-- setUp -->
        <test-method status="PASS" signature="LoginTest()[pri:0, instance:com.crm.qa.testcases.LoginPageTest@8567b79]" name="LoginTest" duration-ms="8889" started-at="2017-12-10T19:41:19Z" finished-at="2017-12-10T19:41:28Z">
          <reporter-output>
          </reporter-output>
        </test-method> <!-- LoginTest -->
        <test-method status="PASS" signature="tearDown()[pri:0, instance:com.crm.qa.testcases.LoginPageTest@8567b79]" name="tearDown" is-config="true" duration-ms="763" started-at="2017-12-10T19:41:28Z" finished-at="2017-12-10T19:41:28Z">
          <reporter-output>
          </reporter-output>
        </test-method> <!-- tearDown -->
        <test-method status="PASS" signature="setUp()[pri:0, instance:com.crm.qa.testcases.LoginPageTest@8567b79]" name="setUp" is-config="true" duration-ms="11142" started-at="2017-12-10T19:41:28Z" finished-at="2017-12-10T19:41:39Z">
          <reporter-output>
          </reporter-output>
        </test-method> <!-- setUp -->
        <test-method status="PASS" signature="verifyLoginPageTitleTest()[pri:0, instance:com.crm.qa.testcases.LoginPageTest@8567b79]" name="verifyLoginPageTitleTest" duration-ms="97" started-at="2017-12-10T19:41:39Z" finished-at="2017-12-10T19:41:40Z">
          <reporter-output>
          </reporter-output>
        </test-method> <!-- verifyLoginPageTitleTest -->
        <test-method status="PASS" signature="tearDown()[pri:0, instance:com.crm.qa.testcases.LoginPageTest@8567b79]" name="tearDown" is-config="true" duration-ms="757" started-at="2017-12-10T19:41:40Z" finished-at="2017-12-10T19:41:40Z">
          <reporter-output>
          </reporter-output>
        </test-method> <!-- tearDown -->
        <test-method status="PASS" signature="setUp()[pri:0, instance:com.crm.qa.testcases.LoginPageTest@8567b79]" name="setUp" is-config="true" duration-ms="10851" started-at="2017-12-10T19:41:40Z" finished-at="2017-12-10T19:41:51Z">
          <reporter-output>
          </reporter-output>
        </test-method> <!-- setUp -->
        <test-method status="PASS" signature="verifyLogoTest()[pri:0, instance:com.crm.qa.testcases.LoginPageTest@8567b79]" name="verifyLogoTest" duration-ms="90" started-at="2017-12-10T19:41:51Z" finished-at="2017-12-10T19:41:51Z">
          <reporter-output>
          </reporter-output>
        </test-method> <!-- verifyLogoTest -->
        <test-method status="PASS" signature="tearDown()[pri:0, instance:com.crm.qa.testcases.LoginPageTest@8567b79]" name="tearDown" is-config="true" duration-ms="796" started-at="2017-12-10T19:41:51Z" finished-at="2017-12-10T19:41:52Z">
          <reporter-output>
          </reporter-output>
        </test-method> <!-- tearDown -->
      </class> <!-- com.crm.qa.testcases.LoginPageTest -->
      <class name="com.crm.qa.testcases.HomePageTest">
        <test-method status="PASS" signature="setUp()[pri:0, instance:com.crm.qa.testcases.HomePageTest@5f4c39d]" name="setUp" is-config="true" duration-ms="20081" started-at="2017-12-10T19:39:59Z" finished-at="2017-12-10T19:40:20Z">
          <reporter-output>
          </reporter-output>
        </test-method> <!-- setUp -->
        <test-method status="PASS" signature="verifyNameTest()[pri:1, instance:com.crm.qa.testcases.HomePageTest@5f4c39d]" name="verifyNameTest" duration-ms="249" started-at="2017-12-10T19:40:20Z" finished-at="2017-12-10T19:40:20Z">
          <reporter-output>
          </reporter-output>
        </test-method> <!-- verifyNameTest -->
        <test-method status="PASS" signature="tearDown()[pri:0, instance:com.crm.qa.testcases.HomePageTest@5f4c39d]" name="tearDown" is-config="true" duration-ms="965" started-at="2017-12-10T19:40:20Z" finished-at="2017-12-10T19:40:21Z">
          <reporter-output>
          </reporter-output>
        </test-method> <!-- tearDown -->
        <test-method status="PASS" signature="setUp()[pri:0, instance:com.crm.qa.testcases.HomePageTest@5f4c39d]" name="setUp" is-config="true" duration-ms="19979" started-at="2017-12-10T19:40:21Z" finished-at="2017-12-10T19:40:41Z">
          <reporter-output>
          </reporter-output>
        </test-method> <!-- setUp -->
        <test-method status="PASS" signature="clickOnContactsLinkTest()[pri:2, instance:com.crm.qa.testcases.HomePageTest@5f4c39d]" name="clickOnContactsLinkTest" duration-ms="3019" started-at="2017-12-10T19:40:41Z" finished-at="2017-12-10T19:40:44Z">
          <reporter-output>
          </reporter-output>
        </test-method> <!-- clickOnContactsLinkTest -->
        <test-method status="PASS" signature="tearDown()[pri:0, instance:com.crm.qa.testcases.HomePageTest@5f4c39d]" name="tearDown" is-config="true" duration-ms="978" started-at="2017-12-10T19:40:44Z" finished-at="2017-12-10T19:40:45Z">
          <reporter-output>
          </reporter-output>
        </test-method> <!-- tearDown -->
        <test-method status="PASS" signature="setUp()[pri:0, instance:com.crm.qa.testcases.HomePageTest@5f4c39d]" name="setUp" is-config="true" duration-ms="19718" started-at="2017-12-10T19:40:45Z" finished-at="2017-12-10T19:41:04Z">
          <reporter-output>
          </reporter-output>
        </test-method> <!-- setUp -->
        <test-method status="PASS" signature="clickOnDealsPageLink()[pri:3, instance:com.crm.qa.testcases.HomePageTest@5f4c39d]" name="clickOnDealsPageLink" duration-ms="2723" started-at="2017-12-10T19:41:04Z" finished-at="2017-12-10T19:41:07Z">
          <reporter-output>
          </reporter-output>
        </test-method> <!-- clickOnDealsPageLink -->
        <test-method status="PASS" signature="tearDown()[pri:0, instance:com.crm.qa.testcases.HomePageTest@5f4c39d]" name="tearDown" is-config="true" duration-ms="947" started-at="2017-12-10T19:41:07Z" finished-at="2017-12-10T19:41:08Z">
          <reporter-output>
          </reporter-output>
        </test-method> <!-- tearDown -->
      </class> <!-- com.crm.qa.testcases.HomePageTest -->
    </test> <!-- Test -->
  </suite> <!-- Suite -->
</testng-results>
