<?xml version="1.0" encoding="UTF-8"?>
<testng-results skipped="0" failed="0" total="3" passed="3">
  <reporter-output>
  </reporter-output>
  <suite name="Default suite" duration-ms="116899" started-at="2017-12-23T06:37:50Z" finished-at="2017-12-23T06:39:47Z">
    <groups>
    </groups>
    <test name="Default test" duration-ms="116899" started-at="2017-12-23T06:37:50Z" finished-at="2017-12-23T06:39:47Z">
      <class name="com.crm.qa.testcases.ContactsPageTest">
        <test-method status="PASS" signature="setup()[pri:0, instance:com.crm.qa.testcases.ContactsPageTest@744578e0]" name="setup" is-config="true" duration-ms="40025" started-at="2017-12-23T12:07:52Z" finished-at="2017-12-23T12:08:32Z">
          <reporter-output>
          </reporter-output>
        </test-method> <!-- setup -->
        <test-method status="PASS" signature="validateCreateNewContact(java.lang.String, java.lang.String, java.lang.String, java.lang.String)[pri:0, instance:com.crm.qa.testcases.ContactsPageTest@744578e0]" name="validateCreateNewContact" duration-ms="10283" started-at="2017-12-23T12:08:32Z" data-provider="getCRMTestData" finished-at="2017-12-23T12:08:42Z">
          <params>
            <param index="0">
              <value>
                <![CDATA[Dr.]]>
              </value>
            </param>
            <param index="1">
              <value>
                <![CDATA[aaa]]>
              </value>
            </param>
            <param index="2">
              <value>
                <![CDATA[aaa]]>
              </value>
            </param>
            <param index="3">
              <value>
                <![CDATA[aaa]]>
              </value>
            </param>
          </params>
          <reporter-output>
          </reporter-output>
        </test-method> <!-- validateCreateNewContact -->
        <test-method status="PASS" signature="tearDown()[pri:0, instance:com.crm.qa.testcases.ContactsPageTest@744578e0]" name="tearDown" is-config="true" duration-ms="2254" started-at="2017-12-23T12:08:42Z" finished-at="2017-12-23T12:08:44Z">
          <reporter-output>
          </reporter-output>
        </test-method> <!-- tearDown -->
        <test-method status="PASS" signature="setup()[pri:0, instance:com.crm.qa.testcases.ContactsPageTest@744578e0]" name="setup" is-config="true" duration-ms="22500" started-at="2017-12-23T12:08:44Z" finished-at="2017-12-23T12:09:07Z">
          <reporter-output>
          </reporter-output>
        </test-method> <!-- setup -->
        <test-method status="PASS" signature="validateCreateNewContact(java.lang.String, java.lang.String, java.lang.String, java.lang.String)[pri:0, instance:com.crm.qa.testcases.ContactsPageTest@744578e0]" name="validateCreateNewContact" duration-ms="9367" started-at="2017-12-23T12:09:07Z" data-provider="getCRMTestData" finished-at="2017-12-23T12:09:16Z">
          <params>
            <param index="0">
              <value>
                <![CDATA[Mrs.]]>
              </value>
            </param>
            <param index="1">
              <value>
                <![CDATA[bbb]]>
              </value>
            </param>
            <param index="2">
              <value>
                <![CDATA[bbb]]>
              </value>
            </param>
            <param index="3">
              <value>
                <![CDATA[bbb]]>
              </value>
            </param>
          </params>
          <reporter-output>
          </reporter-output>
        </test-method> <!-- validateCreateNewContact -->
        <test-method status="PASS" signature="tearDown()[pri:0, instance:com.crm.qa.testcases.ContactsPageTest@744578e0]" name="tearDown" is-config="true" duration-ms="772" started-at="2017-12-23T12:09:16Z" finished-at="2017-12-23T12:09:17Z">
          <reporter-output>
          </reporter-output>
        </test-method> <!-- tearDown -->
        <test-method status="PASS" signature="setup()[pri:0, instance:com.crm.qa.testcases.ContactsPageTest@744578e0]" name="setup" is-config="true" duration-ms="21184" started-at="2017-12-23T12:09:17Z" finished-at="2017-12-23T12:09:38Z">
          <reporter-output>
          </reporter-output>
        </test-method> <!-- setup -->
        <test-method status="PASS" signature="validateCreateNewContact(java.lang.String, java.lang.String, java.lang.String, java.lang.String)[pri:0, instance:com.crm.qa.testcases.ContactsPageTest@744578e0]" name="validateCreateNewContact" duration-ms="7877" started-at="2017-12-23T12:09:38Z" data-provider="getCRMTestData" finished-at="2017-12-23T12:09:46Z">
          <params>
            <param index="0">
              <value>
                <![CDATA[Mr.]]>
              </value>
            </param>
            <param index="1">
              <value>
                <![CDATA[ccc]]>
              </value>
            </param>
            <param index="2">
              <value>
                <![CDATA[ccc]]>
              </value>
            </param>
            <param index="3">
              <value>
                <![CDATA[ccc]]>
              </value>
            </param>
          </params>
          <reporter-output>
          </reporter-output>
        </test-method> <!-- validateCreateNewContact -->
        <test-method status="PASS" signature="tearDown()[pri:0, instance:com.crm.qa.testcases.ContactsPageTest@744578e0]" name="tearDown" is-config="true" duration-ms="764" started-at="2017-12-23T12:09:46Z" finished-at="2017-12-23T12:09:47Z">
          <reporter-output>
          </reporter-output>
        </test-method> <!-- tearDown -->
      </class> <!-- com.crm.qa.testcases.ContactsPageTest -->
    </test> <!-- Default test -->
  </suite> <!-- Default suite -->
</testng-results>
