<?xml version="1.0" encoding="UTF-8"?>
<testng-results skipped="3" failed="0" total="9" passed="6">
  <reporter-output>
  </reporter-output>
  <suite name="Suite" duration-ms="161979" started-at="2017-12-24T06:46:18Z" finished-at="2017-12-24T06:49:00Z">
    <groups>
    </groups>
    <test name="Test" duration-ms="161979" started-at="2017-12-24T06:46:18Z" finished-at="2017-12-24T06:49:00Z">
      <class name="com.crm.qa.testcases.LoginPageTest">
        <test-method status="PASS" signature="setUp()[pri:0, instance:com.crm.qa.testcases.LoginPageTest@316120fe]" name="setUp" is-config="true" duration-ms="12334" started-at="2017-12-24T12:16:18Z" finished-at="2017-12-24T12:16:30Z">
          <reporter-output>
          </reporter-output>
        </test-method> <!-- setUp -->
        <test-method status="PASS" signature="LoginTest()[pri:0, instance:com.crm.qa.testcases.LoginPageTest@316120fe]" name="LoginTest" duration-ms="10577" started-at="2017-12-24T12:16:30Z" finished-at="2017-12-24T12:16:40Z">
          <reporter-output>
          </reporter-output>
        </test-method> <!-- LoginTest -->
        <test-method status="PASS" signature="tearDown()[pri:0, instance:com.crm.qa.testcases.LoginPageTest@316120fe]" name="tearDown" is-config="true" duration-ms="850" started-at="2017-12-24T12:16:40Z" finished-at="2017-12-24T12:16:41Z">
          <reporter-output>
          </reporter-output>
        </test-method> <!-- tearDown -->
        <test-method status="PASS" signature="setUp()[pri:0, instance:com.crm.qa.testcases.LoginPageTest@316120fe]" name="setUp" is-config="true" duration-ms="10880" started-at="2017-12-24T12:16:41Z" finished-at="2017-12-24T12:16:52Z">
          <reporter-output>
          </reporter-output>
        </test-method> <!-- setUp -->
        <test-method status="PASS" signature="verifyLoginPageTitleTest()[pri:0, instance:com.crm.qa.testcases.LoginPageTest@316120fe]" name="verifyLoginPageTitleTest" duration-ms="55" started-at="2017-12-24T12:16:52Z" finished-at="2017-12-24T12:16:52Z">
          <reporter-output>
          </reporter-output>
        </test-method> <!-- verifyLoginPageTitleTest -->
        <test-method status="PASS" signature="tearDown()[pri:0, instance:com.crm.qa.testcases.LoginPageTest@316120fe]" name="tearDown" is-config="true" duration-ms="1003" started-at="2017-12-24T12:16:52Z" finished-at="2017-12-24T12:16:53Z">
          <reporter-output>
          </reporter-output>
        </test-method> <!-- tearDown -->
        <test-method status="PASS" signature="setUp()[pri:0, instance:com.crm.qa.testcases.LoginPageTest@316120fe]" name="setUp" is-config="true" duration-ms="10764" started-at="2017-12-24T12:16:53Z" finished-at="2017-12-24T12:17:04Z">
          <reporter-output>
          </reporter-output>
        </test-method> <!-- setUp -->
        <test-method status="PASS" signature="verifyLogoTest()[pri:0, instance:com.crm.qa.testcases.LoginPageTest@316120fe]" name="verifyLogoTest" duration-ms="85" started-at="2017-12-24T12:17:04Z" finished-at="2017-12-24T12:17:04Z">
          <reporter-output>
          </reporter-output>
        </test-method> <!-- verifyLogoTest -->
        <test-method status="PASS" signature="tearDown()[pri:0, instance:com.crm.qa.testcases.LoginPageTest@316120fe]" name="tearDown" is-config="true" duration-ms="736" started-at="2017-12-24T12:17:04Z" finished-at="2017-12-24T12:17:05Z">
          <reporter-output>
          </reporter-output>
        </test-method> <!-- tearDown -->
      </class> <!-- com.crm.qa.testcases.LoginPageTest -->
      <class name="com.crm.qa.testcases.ContactsPageTest">
        <test-method status="PASS" signature="setup()[pri:0, instance:com.crm.qa.testcases.ContactsPageTest@78bc645d]" name="setup" is-config="true" duration-ms="26613" started-at="2017-12-24T12:17:19Z" finished-at="2017-12-24T12:17:46Z">
          <reporter-output>
          </reporter-output>
        </test-method> <!-- setup -->
        <test-method status="PASS" signature="validateCreateNewContact(java.lang.String, java.lang.String, java.lang.String, java.lang.String)[pri:0, instance:com.crm.qa.testcases.ContactsPageTest@78bc645d]" name="validateCreateNewContact" duration-ms="10044" started-at="2017-12-24T12:17:46Z" data-provider="getCRMTestData" finished-at="2017-12-24T12:17:56Z">
          <params>
            <param index="0">
              <value>
                <![CDATA[Dr.]]>
              </value>
            </param>
            <param index="1">
              <value>
                <![CDATA[aaa]]>
              </value>
            </param>
            <param index="2">
              <value>
                <![CDATA[aaa]]>
              </value>
            </param>
            <param index="3">
              <value>
                <![CDATA[aaa]]>
              </value>
            </param>
          </params>
          <reporter-output>
          </reporter-output>
        </test-method> <!-- validateCreateNewContact -->
        <test-method status="PASS" signature="tearDown()[pri:0, instance:com.crm.qa.testcases.ContactsPageTest@78bc645d]" name="tearDown" is-config="true" duration-ms="833" started-at="2017-12-24T12:17:56Z" finished-at="2017-12-24T12:17:57Z">
          <reporter-output>
          </reporter-output>
        </test-method> <!-- tearDown -->
        <test-method status="PASS" signature="setup()[pri:0, instance:com.crm.qa.testcases.ContactsPageTest@78bc645d]" name="setup" is-config="true" duration-ms="24210" started-at="2017-12-24T12:17:57Z" finished-at="2017-12-24T12:18:21Z">
          <reporter-output>
          </reporter-output>
        </test-method> <!-- setup -->
        <test-method status="PASS" signature="validateCreateNewContact(java.lang.String, java.lang.String, java.lang.String, java.lang.String)[pri:0, instance:com.crm.qa.testcases.ContactsPageTest@78bc645d]" name="validateCreateNewContact" duration-ms="7474" started-at="2017-12-24T12:18:21Z" data-provider="getCRMTestData" finished-at="2017-12-24T12:18:29Z">
          <params>
            <param index="0">
              <value>
                <![CDATA[Mrs.]]>
              </value>
            </param>
            <param index="1">
              <value>
                <![CDATA[bbb]]>
              </value>
            </param>
            <param index="2">
              <value>
                <![CDATA[bbb]]>
              </value>
            </param>
            <param index="3">
              <value>
                <![CDATA[bbb]]>
              </value>
            </param>
          </params>
          <reporter-output>
          </reporter-output>
        </test-method> <!-- validateCreateNewContact -->
        <test-method status="PASS" signature="tearDown()[pri:0, instance:com.crm.qa.testcases.ContactsPageTest@78bc645d]" name="tearDown" is-config="true" duration-ms="819" started-at="2017-12-24T12:18:29Z" finished-at="2017-12-24T12:18:29Z">
          <reporter-output>
          </reporter-output>
        </test-method> <!-- tearDown -->
        <test-method status="PASS" signature="setup()[pri:0, instance:com.crm.qa.testcases.ContactsPageTest@78bc645d]" name="setup" is-config="true" duration-ms="20730" started-at="2017-12-24T12:18:29Z" finished-at="2017-12-24T12:18:50Z">
          <reporter-output>
          </reporter-output>
        </test-method> <!-- setup -->
        <test-method status="PASS" signature="validateCreateNewContact(java.lang.String, java.lang.String, java.lang.String, java.lang.String)[pri:0, instance:com.crm.qa.testcases.ContactsPageTest@78bc645d]" name="validateCreateNewContact" duration-ms="8564" started-at="2017-12-24T12:18:50Z" data-provider="getCRMTestData" finished-at="2017-12-24T12:18:59Z">
          <params>
            <param index="0">
              <value>
                <![CDATA[Mr.]]>
              </value>
            </param>
            <param index="1">
              <value>
                <![CDATA[ccc]]>
              </value>
            </param>
            <param index="2">
              <value>
                <![CDATA[ccc]]>
              </value>
            </param>
            <param index="3">
              <value>
                <![CDATA[ccc]]>
              </value>
            </param>
          </params>
          <reporter-output>
          </reporter-output>
        </test-method> <!-- validateCreateNewContact -->
        <test-method status="PASS" signature="tearDown()[pri:0, instance:com.crm.qa.testcases.ContactsPageTest@78bc645d]" name="tearDown" is-config="true" duration-ms="807" started-at="2017-12-24T12:18:59Z" finished-at="2017-12-24T12:19:00Z">
          <reporter-output>
          </reporter-output>
        </test-method> <!-- tearDown -->
      </class> <!-- com.crm.qa.testcases.ContactsPageTest -->
      <class name="com.crm.qa.testcases.HomePageTest">
        <test-method status="FAIL" signature="setUp()[pri:0, instance:com.crm.qa.testcases.HomePageTest@5fbd1d05]" name="setUp" is-config="true" duration-ms="0" started-at="2017-12-24T12:17:05Z" finished-at="2017-12-24T12:17:05Z">
          <exception class="org.openqa.selenium.WebDriverException">
            <message>
              <![CDATA[unknown error: Element <input type="submit" value="Login" class="btn btn-small"> is not clickable at point (1182, 117). Other element would receive the click: <div id="preloader" style="opacity: 0.207025;">...</div>
  (Session info: chrome=63.0.3239.84)
  (Driver info: chromedriver=2.33.506120 (e3e53437346286c0bc2d2dc9aa4915ba81d9023f),platform=Windows NT 6.1.7601 SP1 x86_64) (WARNING: The server did not provide any stacktrace information)
Command duration or timeout: 117 milliseconds
Build info: version: '2.53.1', revision: 'a36b8b1', time: '2016-06-30 17:32:46'
System info: host: 'SIT-PC', ip: '192.168.0.103', os.name: 'Windows 7', os.arch: 'amd64', os.version: '6.1', java.version: '1.7.0_79'
Session ID: 96307821eb1cc801be0dadcd48fd49b9
Driver info: org.openqa.selenium.chrome.ChromeDriver
Capabilities [{platform=XP, acceptSslCerts=true, javascriptEnabled=true, browserName=chrome, chrome={userDataDir=C:\Users\SIT\AppData\Local\Temp\scoped_dir3512_32249, chromedriverVersion=2.33.506120 (e3e53437346286c0bc2d2dc9aa4915ba81d9023f)}, networkConnectionEnabled=false, unexpectedAlertBehaviour=, rotatable=false, setWindowRect=true, locationContextEnabled=true, mobileEmulationEnabled=false, pageLoadStrategy=normal, version=63.0.3239.84, takesHeapSnapshot=true, cssSelectorsEnabled=true, databaseEnabled=false, handlesAlerts=true, browserConnectionEnabled=false, webStorageEnabled=true, nativeEvents=true, hasTouchScreen=false, applicationCacheEnabled=false, takesScreenshot=true}]]]>
            </message>
            <full-stacktrace>
              <![CDATA[org.openqa.selenium.WebDriverException: unknown error: Element <input type="submit" value="Login" class="btn btn-small"> is not clickable at point (1182, 117). Other element would receive the click: <div id="preloader" style="opacity: 0.207025;">...</div>
  (Session info: chrome=63.0.3239.84)
  (Driver info: chromedriver=2.33.506120 (e3e53437346286c0bc2d2dc9aa4915ba81d9023f),platform=Windows NT 6.1.7601 SP1 x86_64) (WARNING: The server did not provide any stacktrace information)
Command duration or timeout: 117 milliseconds
Build info: version: '2.53.1', revision: 'a36b8b1', time: '2016-06-30 17:32:46'
System info: host: 'SIT-PC', ip: '192.168.0.103', os.name: 'Windows 7', os.arch: 'amd64', os.version: '6.1', java.version: '1.7.0_79'
Session ID: 96307821eb1cc801be0dadcd48fd49b9
Driver info: org.openqa.selenium.chrome.ChromeDriver
Capabilities [{platform=XP, acceptSslCerts=true, javascriptEnabled=true, browserName=chrome, chrome={userDataDir=C:\Users\SIT\AppData\Local\Temp\scoped_dir3512_32249, chromedriverVersion=2.33.506120 (e3e53437346286c0bc2d2dc9aa4915ba81d9023f)}, networkConnectionEnabled=false, unexpectedAlertBehaviour=, rotatable=false, setWindowRect=true, locationContextEnabled=true, mobileEmulationEnabled=false, pageLoadStrategy=normal, version=63.0.3239.84, takesHeapSnapshot=true, cssSelectorsEnabled=true, databaseEnabled=false, handlesAlerts=true, browserConnectionEnabled=false, webStorageEnabled=true, nativeEvents=true, hasTouchScreen=false, applicationCacheEnabled=false, takesScreenshot=true}]
	at sun.reflect.NativeConstructorAccessorImpl.newInstance0(Native Method)
	at sun.reflect.NativeConstructorAccessorImpl.newInstance(Unknown Source)
	at sun.reflect.DelegatingConstructorAccessorImpl.newInstance(Unknown Source)
	at java.lang.reflect.Constructor.newInstance(Unknown Source)
	at org.openqa.selenium.remote.ErrorHandler.createThrowable(ErrorHandler.java:206)
	at org.openqa.selenium.remote.ErrorHandler.throwIfResponseFailed(ErrorHandler.java:158)
	at org.openqa.selenium.remote.RemoteWebDriver.execute(RemoteWebDriver.java:678)
	at org.openqa.selenium.remote.RemoteWebElement.execute(RemoteWebElement.java:327)
	at org.openqa.selenium.remote.RemoteWebElement.click(RemoteWebElement.java:85)
	at sun.reflect.NativeMethodAccessorImpl.invoke0(Native Method)
	at sun.reflect.NativeMethodAccessorImpl.invoke(Unknown Source)
	at sun.reflect.DelegatingMethodAccessorImpl.invoke(Unknown Source)
	at java.lang.reflect.Method.invoke(Unknown Source)
	at org.openqa.selenium.support.events.EventFiringWebDriver$EventFiringWebElement$1.invoke(EventFiringWebDriver.java:335)
	at com.sun.proxy.$Proxy11.click(Unknown Source)
	at org.openqa.selenium.support.events.EventFiringWebDriver$EventFiringWebElement.click(EventFiringWebDriver.java:348)
	at sun.reflect.NativeMethodAccessorImpl.invoke0(Native Method)
	at sun.reflect.NativeMethodAccessorImpl.invoke(Unknown Source)
	at sun.reflect.DelegatingMethodAccessorImpl.invoke(Unknown Source)
	at java.lang.reflect.Method.invoke(Unknown Source)
	at org.openqa.selenium.support.pagefactory.internal.LocatingElementHandler.invoke(LocatingElementHandler.java:51)
	at com.sun.proxy.$Proxy10.click(Unknown Source)
	at com.crm.qa.pages.LoginPage.login(LoginPage.java:45)
	at com.crm.qa.testcases.HomePageTest.setUp(HomePageTest.java:35)
	at sun.reflect.NativeMethodAccessorImpl.invoke0(Native Method)
	at sun.reflect.NativeMethodAccessorImpl.invoke(Unknown Source)
	at sun.reflect.DelegatingMethodAccessorImpl.invoke(Unknown Source)
	at java.lang.reflect.Method.invoke(Unknown Source)
	at org.testng.internal.MethodInvocationHelper.invokeMethod(MethodInvocationHelper.java:85)
	at org.testng.internal.Invoker.invokeConfigurationMethod(Invoker.java:510)
	at org.testng.internal.Invoker.invokeConfigurations(Invoker.java:211)
	at org.testng.internal.Invoker.invokeMethod(Invoker.java:585)
	at org.testng.internal.Invoker.invokeTestMethod(Invoker.java:816)
	at org.testng.internal.Invoker.invokeTestMethods(Invoker.java:1124)
	at org.testng.internal.TestMethodWorker.invokeTestMethods(TestMethodWorker.java:125)
	at org.testng.internal.TestMethodWorker.run(TestMethodWorker.java:108)
	at org.testng.TestRunner.privateRun(TestRunner.java:774)
	at org.testng.TestRunner.run(TestRunner.java:624)
	at org.testng.SuiteRunner.runTest(SuiteRunner.java:359)
	at org.testng.SuiteRunner.runSequentially(SuiteRunner.java:354)
	at org.testng.SuiteRunner.privateRun(SuiteRunner.java:312)
	at org.testng.SuiteRunner.run(SuiteRunner.java:261)
	at org.testng.SuiteRunnerWorker.runSuite(SuiteRunnerWorker.java:52)
	at org.testng.SuiteRunnerWorker.run(SuiteRunnerWorker.java:86)
	at org.testng.TestNG.runSuitesSequentially(TestNG.java:1215)
	at org.testng.TestNG.runSuitesLocally(TestNG.java:1140)
	at org.testng.TestNG.run(TestNG.java:1048)
	at org.testng.remote.AbstractRemoteTestNG.run(AbstractRemoteTestNG.java:114)
	at org.testng.remote.RemoteTestNG.initAndRun(RemoteTestNG.java:251)
	at org.testng.remote.RemoteTestNG.main(RemoteTestNG.java:77)
]]>
            </full-stacktrace>
          </exception> <!-- org.openqa.selenium.WebDriverException -->
          <reporter-output>
          </reporter-output>
        </test-method> <!-- setUp -->
        <test-method status="SKIP" signature="verifyNameTest()[pri:1, instance:com.crm.qa.testcases.HomePageTest@5fbd1d05]" name="verifyNameTest" duration-ms="3" started-at="2017-12-24T12:17:17Z" finished-at="2017-12-24T12:17:17Z">
          <reporter-output>
          </reporter-output>
        </test-method> <!-- verifyNameTest -->
        <test-method status="SKIP" signature="tearDown()[pri:0, instance:com.crm.qa.testcases.HomePageTest@5fbd1d05]" name="tearDown" is-config="true" duration-ms="0" started-at="2017-12-24T12:17:17Z" finished-at="2017-12-24T12:17:17Z">
          <reporter-output>
          </reporter-output>
        </test-method> <!-- tearDown -->
        <test-method status="SKIP" signature="setUp()[pri:0, instance:com.crm.qa.testcases.HomePageTest@5fbd1d05]" name="setUp" is-config="true" duration-ms="0" started-at="2017-12-24T12:17:17Z" finished-at="2017-12-24T12:17:17Z">
          <reporter-output>
          </reporter-output>
        </test-method> <!-- setUp -->
        <test-method status="SKIP" signature="clickOnContactsLinkTest()[pri:2, instance:com.crm.qa.testcases.HomePageTest@5fbd1d05]" name="clickOnContactsLinkTest" duration-ms="2" started-at="2017-12-24T12:17:17Z" finished-at="2017-12-24T12:17:17Z">
          <reporter-output>
          </reporter-output>
        </test-method> <!-- clickOnContactsLinkTest -->
        <test-method status="SKIP" signature="tearDown()[pri:0, instance:com.crm.qa.testcases.HomePageTest@5fbd1d05]" name="tearDown" is-config="true" duration-ms="0" started-at="2017-12-24T12:17:17Z" finished-at="2017-12-24T12:17:17Z">
          <reporter-output>
          </reporter-output>
        </test-method> <!-- tearDown -->
        <test-method status="SKIP" signature="setUp()[pri:0, instance:com.crm.qa.testcases.HomePageTest@5fbd1d05]" name="setUp" is-config="true" duration-ms="0" started-at="2017-12-24T12:17:17Z" finished-at="2017-12-24T12:17:17Z">
          <reporter-output>
          </reporter-output>
        </test-method> <!-- setUp -->
        <test-method status="SKIP" signature="clickOnDealsPageLink()[pri:3, instance:com.crm.qa.testcases.HomePageTest@5fbd1d05]" name="clickOnDealsPageLink" duration-ms="2" started-at="2017-12-24T12:17:17Z" finished-at="2017-12-24T12:17:17Z">
          <reporter-output>
          </reporter-output>
        </test-method> <!-- clickOnDealsPageLink -->
        <test-method status="SKIP" signature="tearDown()[pri:0, instance:com.crm.qa.testcases.HomePageTest@5fbd1d05]" name="tearDown" is-config="true" duration-ms="0" started-at="2017-12-24T12:17:17Z" finished-at="2017-12-24T12:17:17Z">
          <reporter-output>
          </reporter-output>
        </test-method> <!-- tearDown -->
      </class> <!-- com.crm.qa.testcases.HomePageTest -->
    </test> <!-- Test -->
  </suite> <!-- Suite -->
</testng-results>
